<?xml version="1.0" encoding="UTF-8"?>
<testng-results ignored="0" total="2" passed="2" failed="0" skipped="0">
  <reporter-output>
  </reporter-output>
  <suite started-at="2024-05-25T07:54:52 EDT" name="Suite" finished-at="2024-05-25T07:55:34 EDT" duration-ms="42608">
    <groups>
    </groups>
    <test started-at="2024-05-25T07:54:52 EDT" name="chrome" finished-at="2024-05-25T07:55:32 EDT" duration-ms="39772">
      <class name="com.pos.testcases.CreateNewVendor">
        <test-method is-config="true" signature="setValues()[pri:0, instance:com.pos.testcases.CreateNewVendor@30c15d8b]" started-at="2024-05-25T07:54:52 EDT" name="setValues" finished-at="2024-05-25T07:54:52 EDT" duration-ms="0" status="PASS">
          <reporter-output>
          </reporter-output>
        </test-method> <!-- setValues -->
        <test-method is-config="true" signature="startTestCase()[pri:0, instance:com.pos.testcases.CreateNewVendor@30c15d8b]" started-at="2024-05-25T07:54:52 EDT" name="startTestCase" finished-at="2024-05-25T07:54:52 EDT" duration-ms="14" status="PASS">
          <reporter-output>
          </reporter-output>
        </test-method> <!-- startTestCase -->
        <test-method is-config="true" signature="preCondition(java.lang.String)[pri:0, instance:com.pos.testcases.CreateNewVendor@30c15d8b]" started-at="2024-05-25T07:54:54 EDT" name="preCondition" finished-at="2024-05-25T07:54:58 EDT" duration-ms="4217" status="PASS">
          <params>
            <param index="0">
              <value>
                <![CDATA[chrome]]>
              </value>
            </param>
          </params>
          <reporter-output>
          </reporter-output>
        </test-method> <!-- preCondition -->
        <test-method signature="runLogin(java.lang.String,java.lang.String,java.lang.String,java.lang.String,java.lang.String,java.lang.String)[pri:0, instance:com.pos.testcases.CreateNewVendor@30c15d8b]" started-at="2024-05-25T07:54:58 EDT" name="runLogin" data-provider="fetchData" finished-at="2024-05-25T07:55:31 EDT" duration-ms="32921" status="PASS">
          <params>
            <param index="0">
              <value>
                <![CDATA[8220316109]]>
              </value>
            </param>
            <param index="1">
              <value>
                <![CDATA[Vinoth]]>
              </value>
            </param>
            <param index="2">
              <value>
                <![CDATA[Selenium]]>
              </value>
            </param>
            <param index="3">
              <value>
                <![CDATA[Chennai]]>
              </value>
            </param>
            <param index="4">
              <value>
                <![CDATA[8220316109]]>
              </value>
            </param>
            <param index="5">
              <value>
                <![CDATA[vinod@gmail.com]]>
              </value>
            </param>
          </params>
          <reporter-output>
          </reporter-output>
        </test-method> <!-- runLogin -->
        <test-method is-config="true" signature="postCondition()[pri:0, instance:com.pos.testcases.CreateNewVendor@30c15d8b]" started-at="2024-05-25T07:55:31 EDT" name="postCondition" finished-at="2024-05-25T07:55:32 EDT" duration-ms="781" status="PASS">
          <reporter-output>
          </reporter-output>
        </test-method> <!-- postCondition -->
      </class> <!-- com.pos.testcases.CreateNewVendor -->
    </test> <!-- chrome -->
    <test started-at="2024-05-25T07:54:52 EDT" name="firefox" finished-at="2024-05-25T07:55:34 EDT" duration-ms="42608">
      <class name="com.pos.testcases.CreateNewCutomer">
        <test-method is-config="true" signature="startReport()[pri:0, instance:com.pos.testcases.CreateNewCutomer@6743e411]" started-at="2024-05-25T07:54:51 EDT" name="startReport" finished-at="2024-05-25T07:54:52 EDT" duration-ms="374" status="PASS">
          <reporter-output>
          </reporter-output>
        </test-method> <!-- startReport -->
        <test-method is-config="true" signature="setValues()[pri:0, instance:com.pos.testcases.CreateNewCutomer@6743e411]" started-at="2024-05-25T07:54:52 EDT" name="setValues" finished-at="2024-05-25T07:54:52 EDT" duration-ms="2" status="PASS">
          <reporter-output>
          </reporter-output>
        </test-method> <!-- setValues -->
        <test-method is-config="true" signature="startTestCase()[pri:0, instance:com.pos.testcases.CreateNewCutomer@6743e411]" started-at="2024-05-25T07:54:52 EDT" name="startTestCase" finished-at="2024-05-25T07:54:52 EDT" duration-ms="14" status="PASS">
          <reporter-output>
          </reporter-output>
        </test-method> <!-- startTestCase -->
        <test-method is-config="true" signature="preCondition(java.lang.String)[pri:0, instance:com.pos.testcases.CreateNewCutomer@6743e411]" started-at="2024-05-25T07:54:54 EDT" name="preCondition" finished-at="2024-05-25T07:54:59 EDT" duration-ms="5730" status="PASS">
          <params>
            <param index="0">
              <value>
                <![CDATA[firefox]]>
              </value>
            </param>
          </params>
          <reporter-output>
          </reporter-output>
        </test-method> <!-- preCondition -->
        <test-method signature="runLogin(java.lang.String,java.lang.String,java.lang.String,java.lang.String,java.lang.String,java.lang.String)[pri:0, instance:com.pos.testcases.CreateNewCutomer@6743e411]" started-at="2024-05-25T07:54:59 EDT" name="runLogin" data-provider="fetchData" finished-at="2024-05-25T07:55:34 EDT" duration-ms="34217" status="PASS">
          <params>
            <param index="0">
              <value>
                <![CDATA[9976749433]]>
              </value>
            </param>
            <param index="1">
              <value>
                <![CDATA[Aravind]]>
              </value>
            </param>
            <param index="2">
              <value>
                <![CDATA[Selenium]]>
              </value>
            </param>
            <param index="3">
              <value>
                <![CDATA[Chennai]]>
              </value>
            </param>
            <param index="4">
              <value>
                <![CDATA[9976749433]]>
              </value>
            </param>
            <param index="5">
              <value>
                <![CDATA[aravind@gmail.com]]>
              </value>
            </param>
          </params>
          <reporter-output>
          </reporter-output>
        </test-method> <!-- runLogin -->
        <test-method is-config="true" signature="postCondition()[pri:0, instance:com.pos.testcases.CreateNewCutomer@6743e411]" started-at="2024-05-25T07:55:34 EDT" name="postCondition" finished-at="2024-05-25T07:55:34 EDT" duration-ms="812" status="PASS">
          <reporter-output>
          </reporter-output>
        </test-method> <!-- postCondition -->
        <test-method is-config="true" signature="endResult()[pri:0, instance:com.pos.testcases.CreateNewCutomer@6743e411]" started-at="2024-05-25T07:55:34 EDT" name="endResult" finished-at="2024-05-25T07:55:35 EDT" duration-ms="424" status="PASS">
          <reporter-output>
          </reporter-output>
        </test-method> <!-- endResult -->
      </class> <!-- com.pos.testcases.CreateNewCutomer -->
    </test> <!-- firefox -->
  </suite> <!-- Suite -->
</testng-results>
